<?xml version="1.0" encoding="UTF-8"?>
<!-- Generated by org.testng.reporters.JUnitReportReporter -->
<testsuite hostname="WIN-46969103703" failures="0" tests="2" name="testcases.DatabaseValidation.AmazonOPPOF11Pro" time="7.650" errors="0" timestamp="2022-11-19T22:51:07 IST" skipped="1">
  <testcase classname="testcases.DatabaseValidation.AmazonOPPOF11Pro" name="TC3" time="7.650"/>
  <system-out/>
  <testcase classname="testcases.DatabaseValidation.AmazonOPPOF11Pro" name="TC1">
    <skipped/>
  </testcase> <!-- TC1 -->
  <system-out/>
</testsuite> <!-- testcases.DatabaseValidation.AmazonOPPOF11Pro -->
