<?xml version="1.0" encoding="UTF-8"?>
<!-- Generated by org.testng.reporters.JUnitReportReporter -->
<testsuite hostname="WIN-46969103703" failures="0" tests="1" name="testCases.DashboardTest" time="62.328" errors="0" timestamp="2022-08-06T10:06:49 IST" skipped="0">
  <testcase classname="testCases.DashboardTest" name="user_land_on_dashboard_screen" time="62.328"/>
  <system-out/>
</testsuite> <!-- testCases.DashboardTest -->
