<?xml version="1.0" encoding="UTF-8"?>
<!-- Generated by org.testng.reporters.JUnitReportReporter -->
<testsuite hostname="WIN-46969103703" failures="0" tests="6" name="testCases.TC2_RetryMechanism" time="285.000" errors="0" timestamp="2022-09-26T12:37:44 IST" skipped="1">
  <testcase classname="testCases.TC2_RetryMechanism" name="TC2" time="123.791"/>
  <system-out/>
  <testcase classname="testCases.TC2_RetryMechanism" name="TC5" time="36.140"/>
  <system-out/>
  <testcase classname="testCases.TC2_RetryMechanism" name="TC4" time="47.157"/>
  <system-out/>
  <testcase classname="testCases.TC2_RetryMechanism" name="TC6" time="33.995"/>
  <system-out/>
  <testcase classname="testCases.TC2_RetryMechanism" name="TC3" time="43.917"/>
  <system-out/>
  <testcase classname="testCases.TC2_RetryMechanism" name="TC1">
    <skipped/>
  </testcase> <!-- TC1 -->
  <system-out/>
</testsuite> <!-- testCases.TC2_RetryMechanism -->
