<?xml version="1.0" encoding="UTF-8"?>
<!-- Generated by org.testng.reporters.JUnitReportReporter -->
<testsuite hostname="WIN-46969103703" failures="0" tests="3" name="testcases.Regression.RegressionTestCases" time="161.524" errors="0" timestamp="2022-11-21T00:05:45 IST" skipped="0">
  <testcase classname="testcases.Regression.RegressionTestCases" name="TC1" time="61.894"/>
  <system-out/>
  <testcase classname="testcases.Regression.RegressionTestCases" name="TC2" time="37.360"/>
  <system-out/>
  <testcase classname="testcases.Regression.RegressionTestCases" name="TC3" time="62.270"/>
  <system-out/>
</testsuite> <!-- testcases.Regression.RegressionTestCases -->
