<?xml version="1.0" encoding="UTF-8"?>
<!-- Generated by org.testng.reporters.JUnitReportReporter -->
<testsuite hostname="WIN-46969103703" failures="0" tests="8" name="testcases.Smoke.FilloNumberProvisionTest" time="39.115" errors="0" timestamp="2022-12-08T18:50:42 IST" skipped="7">
  <testcase classname="testcases.Smoke.FilloNumberProvisionTest" name="TC5" time="39.115"/>
  <system-out/>
  <testcase classname="testcases.Smoke.FilloNumberProvisionTest" name="TC9">
    <skipped/>
  </testcase> <!-- TC9 -->
  <system-out/>
  <testcase classname="testcases.Smoke.FilloNumberProvisionTest" name="TC10">
    <skipped/>
  </testcase> <!-- TC10 -->
  <system-out/>
  <testcase classname="testcases.Smoke.FilloNumberProvisionTest" name="TC7">
    <skipped/>
  </testcase> <!-- TC7 -->
  <system-out/>
  <testcase classname="testcases.Smoke.FilloNumberProvisionTest" name="TC8">
    <skipped/>
  </testcase> <!-- TC8 -->
  <system-out/>
  <testcase classname="testcases.Smoke.FilloNumberProvisionTest" name="TC6">
    <skipped/>
  </testcase> <!-- TC6 -->
  <system-out/>
  <testcase classname="testcases.Smoke.FilloNumberProvisionTest" name="TC1">
    <skipped/>
  </testcase> <!-- TC1 -->
  <system-out/>
  <testcase classname="testcases.Smoke.FilloNumberProvisionTest" name="TC2">
    <skipped/>
  </testcase> <!-- TC2 -->
  <system-out/>
</testsuite> <!-- testcases.Smoke.FilloNumberProvisionTest -->
