<?xml version="1.0" encoding="UTF-8"?>
<!-- Generated by org.testng.reporters.JUnitReportReporter -->
<testsuite hostname="WIN-46969103703" failures="0" tests="11" name="testCases.FilloNumberProvisionTest" time="128.743" errors="0" timestamp="2022-11-18T19:47:45 IST" skipped="10">
  <testcase classname="testCases.FilloNumberProvisionTest" name="TC10" time="81.032">
    <skipped/>
  </testcase> <!-- TC10 -->
  <system-out/>
  <testcase classname="testCases.FilloNumberProvisionTest" name="TC10" time="47.711"/>
  <system-out/>
  <testcase classname="testCases.FilloNumberProvisionTest" name="TC8">
    <skipped/>
  </testcase> <!-- TC8 -->
  <system-out/>
  <testcase classname="testCases.FilloNumberProvisionTest" name="TC9">
    <skipped/>
  </testcase> <!-- TC9 -->
  <system-out/>
  <testcase classname="testCases.FilloNumberProvisionTest" name="TC6">
    <skipped/>
  </testcase> <!-- TC6 -->
  <system-out/>
  <testcase classname="testCases.FilloNumberProvisionTest" name="TC7">
    <skipped/>
  </testcase> <!-- TC7 -->
  <system-out/>
  <testcase classname="testCases.FilloNumberProvisionTest" name="TC4">
    <skipped/>
  </testcase> <!-- TC4 -->
  <system-out/>
  <testcase classname="testCases.FilloNumberProvisionTest" name="TC5">
    <skipped/>
  </testcase> <!-- TC5 -->
  <system-out/>
  <testcase classname="testCases.FilloNumberProvisionTest" name="TC2">
    <skipped/>
  </testcase> <!-- TC2 -->
  <system-out/>
  <testcase classname="testCases.FilloNumberProvisionTest" name="TC3">
    <skipped/>
  </testcase> <!-- TC3 -->
  <system-out/>
  <testcase classname="testCases.FilloNumberProvisionTest" name="TC1">
    <skipped/>
  </testcase> <!-- TC1 -->
  <system-out/>
</testsuite> <!-- testCases.FilloNumberProvisionTest -->
