<?xml version="1.0" encoding="UTF-8"?>
<!-- Generated by org.testng.reporters.JUnitReportReporter -->
<testsuite hostname="WIN-46969103703" failures="0" tests="1" name="testCases.TC_Create" time="51.896" errors="0" timestamp="2022-09-26T00:20:45 IST" skipped="0">
  <testcase classname="testCases.TC_Create" name="TC1" time="51.896"/>
  <system-out/>
</testsuite> <!-- testCases.TC_Create -->
