<?xml version="1.0" encoding="UTF-8"?>
<!-- Generated by org.testng.reporters.JUnitReportReporter -->
<testsuite hostname="WIN-46969103703" failures="0" tests="1" name="testcases.Regression.RegressionTestCases" time="50.189" errors="0" timestamp="2022-11-18T21:35:19 IST" skipped="0">
  <testcase classname="testcases.Regression.RegressionTestCases" name="TC1" time="50.189"/>
  <system-out/>
</testsuite> <!-- testcases.Regression.RegressionTestCases -->
