<?xml version="1.0" encoding="UTF-8"?>
<!-- Generated by org.testng.reporters.JUnitReportReporter -->
<testsuite hostname="WIN-46969103703" failures="0" tests="7" name="testCases.TC2_Demo" time="264.769" errors="0" timestamp="2022-09-25T18:49:28 IST" skipped="2">
  <testcase classname="testCases.TC2_Demo" name="TC6" time="17.873">
    <skipped/>
  </testcase> <!-- TC6 -->
  <system-out/>
  <testcase classname="testCases.TC2_Demo" name="TC5" time="54.257"/>
  <system-out/>
  <testcase classname="testCases.TC2_Demo" name="TC2" time="51.143"/>
  <system-out/>
  <testcase classname="testCases.TC2_Demo" name="TC3" time="52.565"/>
  <system-out/>
  <testcase classname="testCases.TC2_Demo" name="TC4" time="44.548"/>
  <system-out/>
  <testcase classname="testCases.TC2_Demo" name="TC6" time="44.383"/>
  <system-out/>
  <testcase classname="testCases.TC2_Demo" name="TC1">
    <skipped/>
  </testcase> <!-- TC1 -->
  <system-out/>
</testsuite> <!-- testCases.TC2_Demo -->
