<?xml version="1.0" encoding="UTF-8"?>
<!-- Generated by org.testng.reporters.JUnitReportReporter -->
<testsuite hostname="WIN-46969103703" failures="0" tests="8" name="testcases.TestWithHardcodeData.ActivateCampaignTest" time="44.351" errors="0" timestamp="2022-11-22T20:14:19 IST" skipped="7">
  <testcase classname="testcases.TestWithHardcodeData.ActivateCampaignTest" name="TC2" time="44.351"/>
  <system-out/>
  <testcase classname="testcases.TestWithHardcodeData.ActivateCampaignTest" name="TC5">
    <skipped/>
  </testcase> <!-- TC5 -->
  <system-out/>
  <testcase classname="testcases.TestWithHardcodeData.ActivateCampaignTest" name="TC3">
    <skipped/>
  </testcase> <!-- TC3 -->
  <system-out/>
  <testcase classname="testcases.TestWithHardcodeData.ActivateCampaignTest" name="TC6">
    <skipped/>
  </testcase> <!-- TC6 -->
  <system-out/>
  <testcase classname="testcases.TestWithHardcodeData.ActivateCampaignTest" name="TC4Part3">
    <skipped/>
  </testcase> <!-- TC4Part3 -->
  <system-out/>
  <testcase classname="testcases.TestWithHardcodeData.ActivateCampaignTest" name="TC4Part1">
    <skipped/>
  </testcase> <!-- TC4Part1 -->
  <system-out/>
  <testcase classname="testcases.TestWithHardcodeData.ActivateCampaignTest" name="TC4Part2">
    <skipped/>
  </testcase> <!-- TC4Part2 -->
  <system-out/>
  <testcase classname="testcases.TestWithHardcodeData.ActivateCampaignTest" name="TC7">
    <skipped/>
  </testcase> <!-- TC7 -->
  <system-out/>
</testsuite> <!-- testcases.TestWithHardcodeData.ActivateCampaignTest -->
