<?xml version="1.0" encoding="UTF-8"?>
<!-- Generated by org.testng.reporters.JUnitReportReporter -->
<testsuite hostname="WIN-46969103703" failures="0" tests="1" name="testCases.TC1_DB_Validation" time="41.242" errors="0" timestamp="2022-09-26T11:10:02 IST" skipped="0">
  <testcase classname="testCases.TC1_DB_Validation" name="TC1" time="41.242"/>
  <system-out/>
</testsuite> <!-- testCases.TC1_DB_Validation -->
