<?xml version="1.0" encoding="UTF-8"?>
<!-- Generated by org.testng.reporters.JUnitReportReporter -->
<testsuite hostname="WIN-46969103703" failures="0" tests="3" name="testCases.ActivateCampaignTest" time="85.700" errors="0" timestamp="2022-11-16T10:17:36 IST" skipped="1">
  <testcase classname="testCases.ActivateCampaignTest" name="TC7" time="42.988"/>
  <system-out/>
  <testcase classname="testCases.ActivateCampaignTest" name="TC6" time="42.712"/>
  <system-out/>
  <testcase classname="testCases.ActivateCampaignTest" name="TC1">
    <skipped/>
  </testcase> <!-- TC1 -->
  <system-out/>
</testsuite> <!-- testCases.ActivateCampaignTest -->
