<?xml version="1.0" encoding="UTF-8"?>
<!-- Generated by org.testng.reporters.JUnitReportReporter -->
<testsuite hostname="WIN-46969103703" failures="0" tests="5" name="testCases.LoginDashboardTest" time="241.009" errors="0" timestamp="2022-11-14T15:46:01 IST" skipped="0">
  <testcase classname="testCases.LoginDashboardTest" name="TC5" time="57.677"/>
  <system-out/>
  <testcase classname="testCases.LoginDashboardTest" name="TC2" time="33.669"/>
  <system-out/>
  <testcase classname="testCases.LoginDashboardTest" name="TC1" time="55.017"/>
  <system-out/>
  <testcase classname="testCases.LoginDashboardTest" name="TC3" time="33.187"/>
  <system-out/>
  <testcase classname="testCases.LoginDashboardTest" name="TC4" time="61.459"/>
  <system-out/>
</testsuite> <!-- testCases.LoginDashboardTest -->
