<?xml version="1.0" encoding="UTF-8"?>
<!-- Generated by org.testng.reporters.JUnitReportReporter -->
<testsuite hostname="WIN-46969103703" failures="0" tests="4" name="testcases.DBValidationTest" time="57.568" errors="0" timestamp="2022-11-19T01:00:52 IST" skipped="3">
  <testcase classname="testcases.DBValidationTest" name="TC3" time="57.568"/>
  <system-out/>
  <testcase classname="testcases.DBValidationTest" name="TC2">
    <skipped/>
  </testcase> <!-- TC2 -->
  <system-out/>
  <testcase classname="testcases.DBValidationTest" name="TC1">
    <skipped/>
  </testcase> <!-- TC1 -->
  <system-out/>
  <testcase classname="testcases.DBValidationTest" name="TC100">
    <skipped/>
  </testcase> <!-- TC100 -->
  <system-out/>
</testsuite> <!-- testcases.DBValidationTest -->
