<?xml version="1.0" encoding="UTF-8"?>
<!-- Generated by org.testng.reporters.JUnitReportReporter -->
<testsuite hostname="WIN-46969103703" failures="0" tests="2" name="testCases.RegressionTestCases" time="39.259" errors="0" timestamp="2022-11-18T20:56:58 IST" skipped="1">
  <testcase classname="testCases.RegressionTestCases" name="TC2" time="39.259"/>
  <system-out/>
  <testcase classname="testCases.RegressionTestCases" name="TC1">
    <skipped/>
  </testcase> <!-- TC1 -->
  <system-out/>
</testsuite> <!-- testCases.RegressionTestCases -->
