<?xml version="1.0" encoding="UTF-8"?>
<!-- Generated by org.testng.reporters.JUnitReportReporter -->
<testsuite hostname="WIN-46969103703" failures="0" tests="4" name="testCases.Login_DashboardTest" time="144.218" errors="0" timestamp="2022-09-26T13:47:30 IST" skipped="1">
  <testcase classname="testCases.Login_DashboardTest" name="TC3" time="24.440">
    <skipped/>
  </testcase> <!-- TC3 -->
  <system-out/>
  <testcase classname="testCases.Login_DashboardTest" name="TC3" time="37.607"/>
  <system-out/>
  <testcase classname="testCases.Login_DashboardTest" name="TC1" time="40.374"/>
  <system-out/>
  <testcase classname="testCases.Login_DashboardTest" name="TC2" time="41.797"/>
  <system-out/>
</testsuite> <!-- testCases.Login_DashboardTest -->
