<?xml version="1.0" encoding="UTF-8"?>
<!-- Generated by org.testng.reporters.JUnitReportReporter -->
<testsuite hostname="WIN-46969103703" failures="0" tests="3" name="testCases.TC_Demo" time="112.470" errors="0" timestamp="2022-09-26T12:33:52 IST" skipped="0">
  <testcase classname="testCases.TC_Demo" name="TC3" time="36.268"/>
  <system-out/>
  <testcase classname="testCases.TC_Demo" name="TC2" time="35.053"/>
  <system-out/>
  <testcase classname="testCases.TC_Demo" name="TC1" time="41.149"/>
  <system-out/>
</testsuite> <!-- testCases.TC_Demo -->
