<?xml version="1.0" encoding="UTF-8"?>
<!-- Generated by org.testng.reporters.JUnitReportReporter -->
<testsuite hostname="WIN-46969103703" failures="0" tests="1" name="testCases.TC_BulkUpload" time="44.227" errors="0" timestamp="2022-09-26T12:30:57 IST" skipped="0">
  <testcase classname="testCases.TC_BulkUpload" name="TC1" time="44.227"/>
  <system-out/>
</testsuite> <!-- testCases.TC_BulkUpload -->
