<?xml version="1.0" encoding="UTF-8"?>
<!-- Generated by org.testng.reporters.JUnitReportReporter -->
<testsuite hostname="WIN-46969103703" failures="0" tests="6" name="testcases.Smoke.FilloCreateCampaignTest" time="58.568" errors="0" timestamp="2022-11-23T17:50:29 IST" skipped="5">
  <testcase classname="testcases.Smoke.FilloCreateCampaignTest" name="TC2" time="58.568"/>
  <system-out/>
  <testcase classname="testcases.Smoke.FilloCreateCampaignTest" name="TC3">
    <skipped/>
  </testcase> <!-- TC3 -->
  <system-out/>
  <testcase classname="testcases.Smoke.FilloCreateCampaignTest" name="TC6">
    <skipped/>
  </testcase> <!-- TC6 -->
  <system-out/>
  <testcase classname="testcases.Smoke.FilloCreateCampaignTest" name="TC5">
    <skipped/>
  </testcase> <!-- TC5 -->
  <system-out/>
  <testcase classname="testcases.Smoke.FilloCreateCampaignTest" name="TC1">
    <skipped/>
  </testcase> <!-- TC1 -->
  <system-out/>
  <testcase classname="testcases.Smoke.FilloCreateCampaignTest" name="TC4">
    <skipped/>
  </testcase> <!-- TC4 -->
  <system-out/>
</testsuite> <!-- testcases.Smoke.FilloCreateCampaignTest -->
