<?xml version="1.0" encoding="UTF-8"?>
<!-- Generated by org.testng.reporters.JUnitReportReporter -->
<testsuite hostname="WIN-46969103703" failures="0" tests="1" name="testCases.TC_Read_from_External" time="49.374" errors="0" timestamp="2022-09-25T15:32:18 IST" skipped="0">
  <testcase classname="testCases.TC_Read_from_External" name="TC1" time="49.374"/>
  <system-out/>
</testsuite> <!-- testCases.TC_Read_from_External -->
